# JRE version: OpenJDK Runtime Environment (21.0.2+13) (build 21.0.2+13-58)
# Java VM: OpenJDK 64-Bit Server VM (21.0.2+13-58, mixed mode, sharing, tiered, compressed class ptrs, z gc, windows-amd64)
GC Precious Log:
 NUMA Support: Disabled
 CPUs: 12 total, 12 available
 Memory: 16108M
 Large Page Support: Disabled
 Address Space Type: Contiguous/Unrestricted/Complete
 Address Space Size: 64448M
 Min Capacity: 8M
 Initial Capacity: 252M
 Max Capacity: 4028M
 Soft Max Capacity: 3624M
 Medium Page Size: 32M
 Pre-touch: Disabled
 Uncommit: Enabled
 Uncommit Delay: 300s
 GC Workers for Old Generation: 3 (dynamic)
 GC Workers for Young Generation: 3 (dynamic)
 GC Workers Max: 3 (dynamic)
 Runtime Workers: 8
Heap:
 ZHeap           used 948M, capacity 3476M, max capacity 4028M
 Metaspace       used 140684K, committed 142208K, reserved 1179648K
  class space    used 18783K, committed 19456K, reserved 1048576K
GC Heap History (39 events):
Event: 3.330 GC heap before
{Heap before GC invocations=0 (full 0):
 ZHeap           used 146M, capacity 252M, max capacity 4028M
 Metaspace       used 21138K, committed 21568K, reserved 1114112K
  class space    used 2670K, committed 2880K, reserved 1048576K
}
Event: 3.411 GC heap after
{Heap after GC invocations=1 (full 1):
 ZHeap           used 64M, capacity 252M, max capacity 4028M
 Metaspace       used 21412K, committed 21760K, reserved 1114112K
  class space    used 2713K, committed 2880K, reserved 1048576K
}
Event: 3.411 GC heap before
{Heap before GC invocations=1 (full 1):
 ZHeap           used 64M, capacity 252M, max capacity 4028M
 Metaspace       used 21412K, committed 21760K, reserved 1114112K
  class space    used 2713K, committed 2880K, reserved 1048576K
}
Event: 3.517 GC heap after
{Heap after GC invocations=1 (full 1):
 ZHeap           used 66M, capacity 252M, max capacity 4028M
 Metaspace       used 21426K, committed 21824K, reserved 1114112K
  class space    used 2719K, committed 2944K, reserved 1048576K
}
Event: 6.462 GC heap before
{Heap before GC invocations=1 (full 1):
 ZHeap           used 254M, capacity 254M, max capacity 4028M
 Metaspace       used 36081K, committed 36480K, reserved 1114112K
  class space    used 4756K, committed 4928K, reserved 1048576K
}
Event: 6.559 GC heap after
{Heap after GC invocations=2 (full 2):
 ZHeap           used 78M, capacity 258M, max capacity 4028M
 Metaspace       used 36598K, committed 36992K, reserved 1114112K
  class space    used 4807K, committed 4992K, reserved 1048576K
}
Event: 6.559 GC heap before
{Heap before GC invocations=2 (full 2):
 ZHeap           used 78M, capacity 258M, max capacity 4028M
 Metaspace       used 36598K, committed 36992K, reserved 1114112K
  class space    used 4807K, committed 4992K, reserved 1048576K
}
Event: 6.651 GC heap after
{Heap after GC invocations=2 (full 2):
 ZHeap           used 84M, capacity 258M, max capacity 4028M
 Metaspace       used 36853K, committed 37248K, reserved 1114112K
  class space    used 4826K, committed 4992K, reserved 1048576K
}
Event: 9.739 GC heap before
{Heap before GC invocations=2 (full 2):
 ZHeap           used 284M, capacity 290M, max capacity 4028M
 Metaspace       used 61549K, committed 62144K, reserved 1114112K
  class space    used 8159K, committed 8448K, reserved 1048576K
}
Event: 9.851 GC heap after
{Heap after GC invocations=3 (full 3):
 ZHeap           used 160M, capacity 360M, max capacity 4028M
 Metaspace       used 62748K, committed 63360K, reserved 1114112K
  class space    used 8298K, committed 8576K, reserved 1048576K
}
Event: 9.851 GC heap before
{Heap before GC invocations=3 (full 3):
 ZHeap           used 160M, capacity 360M, max capacity 4028M
 Metaspace       used 62748K, committed 63360K, reserved 1114112K
  class space    used 8298K, committed 8576K, reserved 1048576K
}
Event: 9.928 GC heap after
{Heap after GC invocations=3 (full 3):
 ZHeap           used 164M, capacity 360M, max capacity 4028M
 Metaspace       used 63236K, committed 63872K, reserved 1114112K
  class space    used 8406K, committed 8704K, reserved 1048576K
}
Event: 11.878 GC heap before
{Heap before GC invocations=3 (full 3):
 ZHeap           used 364M, capacity 392M, max capacity 4028M
 Metaspace       used 75467K, committed 76096K, reserved 1179648K
  class space    used 10334K, committed 10624K, reserved 1048576K
}
Event: 11.955 GC heap after
{Heap after GC invocations=4 (full 4):
 ZHeap           used 182M, capacity 424M, max capacity 4028M
 Metaspace       used 75494K, committed 76160K, reserved 1179648K
  class space    used 10337K, committed 10624K, reserved 1048576K
}
Event: 11.955 GC heap before
{Heap before GC invocations=4 (full 4):
 ZHeap           used 182M, capacity 424M, max capacity 4028M
 Metaspace       used 75494K, committed 76160K, reserved 1179648K
  class space    used 10337K, committed 10624K, reserved 1048576K
}
Event: 12.030 GC heap after
{Heap after GC invocations=4 (full 4):
 ZHeap           used 182M, capacity 424M, max capacity 4028M
 Metaspace       used 75494K, committed 76160K, reserved 1179648K
  class space    used 10337K, committed 10624K, reserved 1048576K
}
Event: 18.781 GC heap before
{Heap before GC invocations=4 (full 4):
 ZHeap           used 728M, capacity 728M, max capacity 4028M
 Metaspace       used 101580K, committed 102592K, reserved 1179648K
  class space    used 14049K, committed 14528K, reserved 1048576K
}
Event: 18.962 GC heap after
{Heap after GC invocations=5 (full 5):
 ZHeap           used 280M, capacity 842M, max capacity 4028M
 Metaspace       used 101927K, committed 102848K, reserved 1179648K
  class space    used 14107K, committed 14528K, reserved 1048576K
}
Event: 18.962 GC heap before
{Heap before GC invocations=5 (full 5):
 ZHeap           used 280M, capacity 842M, max capacity 4028M
 Metaspace       used 101927K, committed 102848K, reserved 1179648K
  class space    used 14107K, committed 14528K, reserved 1048576K
}
Event: 19.037 GC heap after
{Heap after GC invocations=5 (full 5):
 ZHeap           used 282M, capacity 842M, max capacity 4028M
 Metaspace       used 101927K, committed 102848K, reserved 1179648K
  class space    used 14107K, committed 14528K, reserved 1048576K
}
Event: 258.505 GC heap before
{Heap before GC invocations=5 (full 5):
 ZHeap           used 1024M, capacity 1024M, max capacity 4028M
 Metaspace       used 139917K, committed 141248K, reserved 1179648K
  class space    used 18812K, committed 19392K, reserved 1048576K
}
Event: 260.007 GC heap after
{Heap after GC invocations=6 (full 6):
 ZHeap           used 354M, capacity 1078M, max capacity 4028M
 Metaspace       used 140021K, committed 141312K, reserved 1179648K
  class space    used 18814K, committed 19392K, reserved 1048576K
}
Event: 260.007 GC heap before
{Heap before GC invocations=6 (full 6):
 ZHeap           used 354M, capacity 1078M, max capacity 4028M
 Metaspace       used 140021K, committed 141312K, reserved 1179648K
  class space    used 18814K, committed 19392K, reserved 1048576K
}
Event: 260.586 GC heap after
{Heap after GC invocations=6 (full 6):
 ZHeap           used 358M, capacity 1078M, max capacity 4028M
 Metaspace       used 140025K, committed 141312K, reserved 1179648K
  class space    used 18814K, committed 19392K, reserved 1048576K
}
Event: 289.890 GC heap before
{Heap before GC invocations=6 (full 6):
 ZHeap           used 1620M, capacity 1620M, max capacity 4028M
 Metaspace       used 140607K, committed 141952K, reserved 1179648K
  class space    used 18827K, committed 19456K, reserved 1048576K
}
Event: 290.295 GC heap after
{Heap after GC invocations=7 (full 7):
 ZHeap           used 368M, capacity 1768M, max capacity 4028M
 Metaspace       used 140654K, committed 142016K, reserved 1179648K
  class space    used 18827K, committed 19456K, reserved 1048576K
}
Event: 290.295 GC heap before
{Heap before GC invocations=7 (full 7):
 ZHeap           used 368M, capacity 1768M, max capacity 4028M
 Metaspace       used 140654K, committed 142016K, reserved 1179648K
  class space    used 18827K, committed 19456K, reserved 1048576K
}
Event: 290.716 GC heap after
{Heap after GC invocations=7 (full 7):
 ZHeap           used 388M, capacity 1768M, max capacity 4028M
 Metaspace       used 140666K, committed 142016K, reserved 1179648K
  class space    used 18827K, committed 19456K, reserved 1048576K
}
Event: 309.948 GC heap before
{Heap before GC invocations=7 (full 7):
 ZHeap           used 2484M, capacity 2484M, max capacity 4028M
 Metaspace       used 140718K, committed 142080K, reserved 1179648K
  class space    used 18831K, committed 19456K, reserved 1048576K
}
Event: 310.583 GC heap after
{Heap after GC invocations=8 (full 7):
 ZHeap           used 404M, capacity 2572M, max capacity 4028M
 Metaspace       used 140723K, committed 142080K, reserved 1179648K
  class space    used 18831K, committed 19456K, reserved 1048576K
}
Event: 344.879 GC heap before
{Heap before GC invocations=8 (full 7):
 ZHeap           used 3358M, capacity 3358M, max capacity 4028M
 Metaspace       used 140761K, committed 142080K, reserved 1179648K
  class space    used 18833K, committed 19456K, reserved 1048576K
}
Event: 346.081 GC heap after
{Heap after GC invocations=9 (full 7):
 ZHeap           used 406M, capacity 3434M, max capacity 4028M
 Metaspace       used 140776K, committed 142144K, reserved 1179648K
  class space    used 18833K, committed 19456K, reserved 1048576K
}
Event: 390.567 GC heap before
{Heap before GC invocations=9 (full 7):
 ZHeap           used 3406M, capacity 3434M, max capacity 4028M
 Metaspace       used 140806K, committed 142208K, reserved 1179648K
  class space    used 18833K, committed 19456K, reserved 1048576K
}
Event: 391.340 GC heap after
{Heap after GC invocations=10 (full 7):
 ZHeap           used 386M, capacity 3476M, max capacity 4028M
 Metaspace       used 140811K, committed 142208K, reserved 1179648K
  class space    used 18833K, committed 19456K, reserved 1048576K
}
Event: 425.340 GC heap before
{Heap before GC invocations=10 (full 7):
 ZHeap           used 3406M, capacity 3476M, max capacity 4028M
 Metaspace       used 140829K, committed 142208K, reserved 1179648K
  class space    used 18834K, committed 19456K, reserved 1048576K
}
Event: 426.096 GC heap after
{Heap after GC invocations=11 (full 7):
 ZHeap           used 410M, capacity 3476M, max capacity 4028M
 Metaspace       used 140829K, committed 142208K, reserved 1179648K
  class space    used 18834K, committed 19456K, reserved 1048576K
}
Event: 431.407 GC heap before
{Heap before GC invocations=11 (full 7):
 ZHeap           used 752M, capacity 3476M, max capacity 4028M
 Metaspace       used 140829K, committed 142208K, reserved 1179648K
  class space    used 18834K, committed 19456K, reserved 1048576K
}
Event: 431.832 GC heap after
{Heap after GC invocations=12 (full 8):
 ZHeap           used 396M, capacity 3476M, max capacity 4028M
 Metaspace       used 140829K, committed 142208K, reserved 1179648K
  class space    used 18834K, committed 19456K, reserved 1048576K
}
Event: 431.832 GC heap before
{Heap before GC invocations=12 (full 8):
 ZHeap           used 396M, capacity 3476M, max capacity 4028M
 Metaspace       used 140829K, committed 142208K, reserved 1179648K
  class space    used 18834K, committed 19456K, reserved 1048576K
}

